<?xml version="1.0" encoding="UTF-8"?>
<coverage generated="1724453131100" clover="3.2.0">
  <project timestamp="1724453131100" name="All files">
    <metrics statements="63" coveredstatements="52" conditionals="16" coveredconditionals="9" methods="24" coveredmethods="16" elements="103" coveredelements="77" complexity="0" loc="63" ncloc="63" packages="2" files="8" classes="8"/>
    <package name="src.components">
      <metrics statements="50" coveredstatements="44" conditionals="16" coveredconditionals="9" methods="18" coveredmethods="15"/>
      <file name="Body.js" path="/Users/ketkiharidas/Desktop/Pranay/Code/ReactJs/NamasteReact/FoodOrderingApp/src/components/Body.js">
        <metrics statements="27" coveredstatements="23" conditionals="6" coveredconditionals="4" methods="10" coveredmethods="7"/>
        <line num="9" count="1" type="stmt"/>
        <line num="14" count="4" type="stmt"/>
        <line num="15" count="4" type="stmt"/>
        <line num="17" count="4" type="stmt"/>
        <line num="19" count="4" type="stmt"/>
        <line num="21" count="4" type="stmt"/>
        <line num="27" count="4" type="stmt"/>
        <line num="29" count="1" type="stmt"/>
        <line num="32" count="4" type="stmt"/>
        <line num="33" count="1" type="stmt"/>
        <line num="36" count="1" type="stmt"/>
        <line num="44" count="1" type="stmt"/>
        <line num="48" count="1" type="stmt"/>
        <line num="53" count="4" type="cond" truecount="1" falsecount="1"/>
        <line num="55" count="4" type="stmt"/>
        <line num="57" count="4" type="cond" truecount="2" falsecount="0"/>
        <line num="58" count="1" type="stmt"/>
        <line num="60" count="3" type="stmt"/>
        <line num="69" count="1" type="stmt"/>
        <line num="75" count="1" type="stmt"/>
        <line num="76" count="20" type="stmt"/>
        <line num="82" count="1" type="stmt"/>
        <line num="90" count="0" type="stmt"/>
        <line num="92" count="0" type="stmt"/>
        <line num="95" count="0" type="stmt"/>
        <line num="107" count="0" type="stmt"/>
        <line num="117" count="44" type="stmt"/>
      </file>
      <file name="Contact.js" path="/Users/ketkiharidas/Desktop/Pranay/Code/ReactJs/NamasteReact/FoodOrderingApp/src/components/Contact.js">
        <metrics statements="2" coveredstatements="2" conditionals="0" coveredconditionals="0" methods="1" coveredmethods="1"/>
        <line num="3" count="1" type="stmt"/>
        <line num="4" count="2" type="stmt"/>
      </file>
      <file name="Header.js" path="/Users/ketkiharidas/Desktop/Pranay/Code/ReactJs/NamasteReact/FoodOrderingApp/src/components/Header.js">
        <metrics statements="7" coveredstatements="7" conditionals="6" coveredconditionals="3" methods="3" coveredmethods="3"/>
        <line num="7" count="1" type="stmt"/>
        <line num="11" count="7" type="stmt"/>
        <line num="13" count="4" type="stmt"/>
        <line num="15" count="4" type="stmt"/>
        <line num="17" count="4" type="stmt"/>
        <line num="22" count="4" type="stmt"/>
        <line num="51" count="1" type="cond" truecount="1" falsecount="1"/>
      </file>
      <file name="RestaurantCard.js" path="/Users/ketkiharidas/Desktop/Pranay/Code/ReactJs/NamasteReact/FoodOrderingApp/src/components/RestaurantCard.js">
        <metrics statements="12" coveredstatements="10" conditionals="4" coveredconditionals="2" methods="3" coveredmethods="3"/>
        <line num="3" count="2" type="stmt"/>
        <line num="4" count="45" type="cond" truecount="1" falsecount="1"/>
        <line num="5" count="0" type="stmt"/>
        <line num="8" count="45" type="stmt"/>
        <line num="10" count="45" type="stmt"/>
        <line num="11" count="45" type="cond" truecount="1" falsecount="1"/>
        <line num="12" count="0" type="stmt"/>
        <line num="16" count="45" type="stmt"/>
        <line num="18" count="45" type="stmt"/>
        <line num="33" count="2" type="stmt"/>
        <line num="34" count="4" type="stmt"/>
        <line num="35" count="44" type="stmt"/>
      </file>
      <file name="sum.js" path="/Users/ketkiharidas/Desktop/Pranay/Code/ReactJs/NamasteReact/FoodOrderingApp/src/components/sum.js">
        <metrics statements="2" coveredstatements="2" conditionals="0" coveredconditionals="0" methods="1" coveredmethods="1"/>
        <line num="1" count="1" type="stmt"/>
        <line num="2" count="1" type="stmt"/>
      </file>
    </package>
    <package name="utils">
      <metrics statements="13" coveredstatements="8" conditionals="0" coveredconditionals="0" methods="6" coveredmethods="1"/>
      <file name="appStore.js" path="/Users/ketkiharidas/Desktop/Pranay/Code/ReactJs/NamasteReact/FoodOrderingApp/utils/appStore.js">
        <metrics statements="1" coveredstatements="1" conditionals="0" coveredconditionals="0" methods="0" coveredmethods="0"/>
        <line num="4" count="1" type="stmt"/>
      </file>
      <file name="cartSlice.js" path="/Users/ketkiharidas/Desktop/Pranay/Code/ReactJs/NamasteReact/FoodOrderingApp/utils/cartSlice.js">
        <metrics statements="5" coveredstatements="2" conditionals="0" coveredconditionals="0" methods="3" coveredmethods="0"/>
        <line num="3" count="1" type="stmt"/>
        <line num="10" count="0" type="stmt"/>
        <line num="13" count="0" type="stmt"/>
        <line num="16" count="0" type="stmt"/>
        <line num="24" count="1" type="stmt"/>
      </file>
      <file name="useOnlineStatus.js" path="/Users/ketkiharidas/Desktop/Pranay/Code/ReactJs/NamasteReact/FoodOrderingApp/utils/useOnlineStatus.js">
        <metrics statements="7" coveredstatements="5" conditionals="0" coveredconditionals="0" methods="3" coveredmethods="1"/>
        <line num="3" count="2" type="stmt"/>
        <line num="4" count="8" type="stmt"/>
        <line num="7" count="8" type="stmt"/>
        <line num="8" count="0" type="stmt"/>
        <line num="12" count="8" type="stmt"/>
        <line num="13" count="0" type="stmt"/>
        <line num="16" count="8" type="stmt"/>
      </file>
    </package>
  </project>
</coverage>
