{"/Users/ketkiharidas/Desktop/Pranay/Code/ReactJs/NamasteReact/FoodOrderingApp/src/components/Body.js": {"path":"/Users/ketkiharidas/Desktop/Pranay/Code/ReactJs/NamasteReact/FoodOrderingApp/src/components/Body.js","statementMap":{"0":{"start":{"line":9,"column":13},"end":{"line":133,"column":1}},"1":{"start":{"line":14,"column":34},"end":{"line":14,"column":46}},"2":{"start":{"line":15,"column":42},"end":{"line":15,"column":54}},"3":{"start":{"line":17,"column":36},"end":{"line":17,"column":48}},"4":{"start":{"line":19,"column":23},"end":{"line":19,"column":40}},"5":{"start":{"line":21,"column":29},"end":{"line":21,"column":58}},"6":{"start":{"line":27,"column":2},"end":{"line":30,"column":9}},"7":{"start":{"line":29,"column":4},"end":{"line":29,"column":16}},"8":{"start":{"line":32,"column":20},"end":{"line":51,"column":3}},"9":{"start":{"line":33,"column":17},"end":{"line":35,"column":5}},"10":{"start":{"line":36,"column":17},"end":{"line":36,"column":34}},"11":{"start":{"line":44,"column":4},"end":{"line":46,"column":6}},"12":{"start":{"line":48,"column":4},"end":{"line":50,"column":6}},"13":{"start":{"line":53,"column":2},"end":{"line":53,"column":69}},"14":{"start":{"line":53,"column":30},"end":{"line":53,"column":69}},"15":{"start":{"line":55,"column":40},"end":{"line":55,"column":63}},"16":{"start":{"line":57,"column":2},"end":{"line":59,"column":3}},"17":{"start":{"line":58,"column":4},"end":{"line":58,"column":23}},"18":{"start":{"line":60,"column":2},"end":{"line":132,"column":4}},"19":{"start":{"line":69,"column":12},"end":{"line":69,"column":41}},"20":{"start":{"line":75,"column":33},"end":{"line":79,"column":14}},"21":{"start":{"line":76,"column":14},"end":{"line":78,"column":51}},"22":{"start":{"line":82,"column":12},"end":{"line":82,"column":42}},"23":{"start":{"line":90,"column":33},"end":{"line":93,"column":14}},"24":{"start":{"line":92,"column":14},"end":{"line":92,"column":48}},"25":{"start":{"line":95,"column":12},"end":{"line":95,"column":42}},"26":{"start":{"line":107,"column":12},"end":{"line":107,"column":40}},"27":{"start":{"line":117,"column":10},"end":{"line":128,"column":17}}},"fnMap":{"0":{"name":"(anonymous_0)","decl":{"start":{"line":9,"column":13},"end":{"line":9,"column":14}},"loc":{"start":{"line":9,"column":19},"end":{"line":133,"column":1}},"line":9},"1":{"name":"(anonymous_1)","decl":{"start":{"line":27,"column":12},"end":{"line":27,"column":13}},"loc":{"start":{"line":27,"column":18},"end":{"line":30,"column":3}},"line":27},"2":{"name":"(anonymous_2)","decl":{"start":{"line":32,"column":20},"end":{"line":32,"column":21}},"loc":{"start":{"line":32,"column":32},"end":{"line":51,"column":3}},"line":32},"3":{"name":"(anonymous_3)","decl":{"start":{"line":68,"column":20},"end":{"line":68,"column":21}},"loc":{"start":{"line":68,"column":27},"end":{"line":70,"column":11}},"line":68},"4":{"name":"(anonymous_4)","decl":{"start":{"line":74,"column":19},"end":{"line":74,"column":20}},"loc":{"start":{"line":74,"column":25},"end":{"line":83,"column":11}},"line":74},"5":{"name":"(anonymous_5)","decl":{"start":{"line":75,"column":49},"end":{"line":75,"column":50}},"loc":{"start":{"line":75,"column":60},"end":{"line":79,"column":13}},"line":75},"6":{"name":"(anonymous_6)","decl":{"start":{"line":89,"column":19},"end":{"line":89,"column":20}},"loc":{"start":{"line":89,"column":25},"end":{"line":97,"column":11}},"line":89},"7":{"name":"(anonymous_7)","decl":{"start":{"line":90,"column":49},"end":{"line":90,"column":50}},"loc":{"start":{"line":90,"column":60},"end":{"line":93,"column":13}},"line":90},"8":{"name":"(anonymous_8)","decl":{"start":{"line":106,"column":20},"end":{"line":106,"column":21}},"loc":{"start":{"line":106,"column":27},"end":{"line":108,"column":11}},"line":106},"9":{"name":"(anonymous_9)","decl":{"start":{"line":116,"column":26},"end":{"line":116,"column":27}},"loc":{"start":{"line":117,"column":10},"end":{"line":128,"column":17}},"line":117}},"branchMap":{"0":{"loc":{"start":{"line":53,"column":2},"end":{"line":53,"column":69}},"type":"if","locations":[{"start":{"line":53,"column":2},"end":{"line":53,"column":69}},{"start":{},"end":{}}],"line":53},"1":{"loc":{"start":{"line":57,"column":2},"end":{"line":59,"column":3}},"type":"if","locations":[{"start":{"line":57,"column":2},"end":{"line":59,"column":3}},{"start":{},"end":{}}],"line":57},"2":{"loc":{"start":{"line":123,"column":13},"end":{"line":127,"column":13}},"type":"cond-expr","locations":[{"start":{"line":124,"column":14},"end":{"line":124,"column":56}},{"start":{"line":126,"column":14},"end":{"line":126,"column":52}}],"line":123}},"s":{"0":1,"1":4,"2":4,"3":4,"4":4,"5":4,"6":4,"7":1,"8":4,"9":1,"10":1,"11":1,"12":1,"13":4,"14":0,"15":4,"16":4,"17":1,"18":3,"19":1,"20":1,"21":20,"22":1,"23":0,"24":0,"25":0,"26":0,"27":44},"f":{"0":4,"1":1,"2":1,"3":1,"4":1,"5":20,"6":0,"7":0,"8":0,"9":44},"b":{"0":[0,4],"1":[1,3],"2":[44,0]},"_coverageSchema":"1a1c01bbd47fc00a2c39e90264f33305004495a9","hash":"8de2da3d19f3f2fa030ff7da8c89d151f88e233f"}
,"/Users/ketkiharidas/Desktop/Pranay/Code/ReactJs/NamasteReact/FoodOrderingApp/src/components/Contact.js": {"path":"/Users/ketkiharidas/Desktop/Pranay/Code/ReactJs/NamasteReact/FoodOrderingApp/src/components/Contact.js","statementMap":{"0":{"start":{"line":3,"column":16},"end":{"line":28,"column":1}},"1":{"start":{"line":4,"column":2},"end":{"line":27,"column":4}}},"fnMap":{"0":{"name":"(anonymous_0)","decl":{"start":{"line":3,"column":16},"end":{"line":3,"column":17}},"loc":{"start":{"line":3,"column":22},"end":{"line":28,"column":1}},"line":3}},"branchMap":{},"s":{"0":1,"1":2},"f":{"0":2},"b":{},"_coverageSchema":"1a1c01bbd47fc00a2c39e90264f33305004495a9","hash":"ce275e327cafbfd7abac604217db079b5d46d065"}
,"/Users/ketkiharidas/Desktop/Pranay/Code/ReactJs/NamasteReact/FoodOrderingApp/src/components/Header.js": {"path":"/Users/ketkiharidas/Desktop/Pranay/Code/ReactJs/NamasteReact/FoodOrderingApp/src/components/Header.js","statementMap":{"0":{"start":{"line":7,"column":15},"end":{"line":69,"column":1}},"1":{"start":{"line":11,"column":20},"end":{"line":11,"column":60}},"2":{"start":{"line":11,"column":43},"end":{"line":11,"column":59}},"3":{"start":{"line":13,"column":32},"end":{"line":13,"column":49}},"4":{"start":{"line":15,"column":23},"end":{"line":15,"column":40}},"5":{"start":{"line":17,"column":15},"end":{"line":17,"column":38}},"6":{"start":{"line":22,"column":2},"end":{"line":68,"column":4}},"7":{"start":{"line":51,"column":16},"end":{"line":55,"column":18}}},"fnMap":{"0":{"name":"(anonymous_0)","decl":{"start":{"line":7,"column":15},"end":{"line":7,"column":16}},"loc":{"start":{"line":7,"column":21},"end":{"line":69,"column":1}},"line":7},"1":{"name":"(anonymous_1)","decl":{"start":{"line":11,"column":32},"end":{"line":11,"column":33}},"loc":{"start":{"line":11,"column":43},"end":{"line":11,"column":59}},"line":11},"2":{"name":"(anonymous_2)","decl":{"start":{"line":50,"column":23},"end":{"line":50,"column":24}},"loc":{"start":{"line":50,"column":29},"end":{"line":56,"column":15}},"line":50}},"branchMap":{"0":{"loc":{"start":{"line":33,"column":29},"end":{"line":33,"column":59}},"type":"cond-expr","locations":[{"start":{"line":33,"column":44},"end":{"line":33,"column":50}},{"start":{"line":33,"column":53},"end":{"line":33,"column":59}}],"line":33},"1":{"loc":{"start":{"line":51,"column":16},"end":{"line":55,"column":18}},"type":"if","locations":[{"start":{"line":51,"column":16},"end":{"line":55,"column":18}},{"start":{},"end":{}}],"line":51},"2":{"loc":{"start":{"line":52,"column":18},"end":{"line":54,"column":41}},"type":"cond-expr","locations":[{"start":{"line":53,"column":22},"end":{"line":53,"column":42}},{"start":{"line":54,"column":22},"end":{"line":54,"column":41}}],"line":52}},"s":{"0":1,"1":4,"2":7,"3":4,"4":4,"5":4,"6":4,"7":1},"f":{"0":4,"1":7,"2":1},"b":{"0":[4,0],"1":[0,1],"2":[1,0]},"_coverageSchema":"1a1c01bbd47fc00a2c39e90264f33305004495a9","hash":"78f7cdad1a263cca72a97a2b4ff4c6fe058d15ff"}
,"/Users/ketkiharidas/Desktop/Pranay/Code/ReactJs/NamasteReact/FoodOrderingApp/src/components/RestaurantCard.js": {"path":"/Users/ketkiharidas/Desktop/Pranay/Code/ReactJs/NamasteReact/FoodOrderingApp/src/components/RestaurantCard.js","statementMap":{"0":{"start":{"line":3,"column":23},"end":{"line":30,"column":1}},"1":{"start":{"line":4,"column":2},"end":{"line":6,"column":3}},"2":{"start":{"line":5,"column":4},"end":{"line":5,"column":16}},"3":{"start":{"line":8,"column":2},"end":{"line":8,"column":22}},"4":{"start":{"line":10,"column":19},"end":{"line":10,"column":25}},"5":{"start":{"line":11,"column":2},"end":{"line":13,"column":3}},"6":{"start":{"line":12,"column":4},"end":{"line":12,"column":16}},"7":{"start":{"line":16,"column":4},"end":{"line":16,"column":16}},"8":{"start":{"line":18,"column":2},"end":{"line":29,"column":4}},"9":{"start":{"line":33,"column":29},"end":{"line":44,"column":1}},"10":{"start":{"line":34,"column":2},"end":{"line":43,"column":4}},"11":{"start":{"line":35,"column":4},"end":{"line":42,"column":6}}},"fnMap":{"0":{"name":"(anonymous_0)","decl":{"start":{"line":3,"column":23},"end":{"line":3,"column":24}},"loc":{"start":{"line":3,"column":39},"end":{"line":30,"column":1}},"line":3},"1":{"name":"(anonymous_1)","decl":{"start":{"line":33,"column":29},"end":{"line":33,"column":30}},"loc":{"start":{"line":33,"column":49},"end":{"line":44,"column":1}},"line":33},"2":{"name":"(anonymous_2)","decl":{"start":{"line":34,"column":9},"end":{"line":34,"column":10}},"loc":{"start":{"line":34,"column":20},"end":{"line":43,"column":3}},"line":34}},"branchMap":{"0":{"loc":{"start":{"line":4,"column":2},"end":{"line":6,"column":3}},"type":"if","locations":[{"start":{"line":4,"column":2},"end":{"line":6,"column":3}},{"start":{},"end":{}}],"line":4},"1":{"loc":{"start":{"line":11,"column":2},"end":{"line":13,"column":3}},"type":"if","locations":[{"start":{"line":11,"column":2},"end":{"line":13,"column":3}},{"start":{},"end":{}}],"line":11}},"s":{"0":2,"1":45,"2":0,"3":45,"4":45,"5":45,"6":0,"7":45,"8":45,"9":2,"10":4,"11":44},"f":{"0":45,"1":4,"2":44},"b":{"0":[0,45],"1":[0,45]},"_coverageSchema":"1a1c01bbd47fc00a2c39e90264f33305004495a9","hash":"1781b2db876719a7aa388894a557a00552094d63"}
,"/Users/ketkiharidas/Desktop/Pranay/Code/ReactJs/NamasteReact/FoodOrderingApp/src/components/sum.js": {"path":"/Users/ketkiharidas/Desktop/Pranay/Code/ReactJs/NamasteReact/FoodOrderingApp/src/components/sum.js","statementMap":{"0":{"start":{"line":1,"column":19},"end":{"line":3,"column":1}},"1":{"start":{"line":2,"column":2},"end":{"line":2,"column":15}}},"fnMap":{"0":{"name":"(anonymous_0)","decl":{"start":{"line":1,"column":19},"end":{"line":1,"column":20}},"loc":{"start":{"line":1,"column":29},"end":{"line":3,"column":1}},"line":1}},"branchMap":{},"s":{"0":1,"1":1},"f":{"0":1},"b":{},"_coverageSchema":"1a1c01bbd47fc00a2c39e90264f33305004495a9","hash":"f19b75f6173de3b77d7878ff660ace56e7a8def5"}
,"/Users/ketkiharidas/Desktop/Pranay/Code/ReactJs/NamasteReact/FoodOrderingApp/utils/appStore.js": {"path":"/Users/ketkiharidas/Desktop/Pranay/Code/ReactJs/NamasteReact/FoodOrderingApp/utils/appStore.js","statementMap":{"0":{"start":{"line":4,"column":17},"end":{"line":8,"column":2}}},"fnMap":{},"branchMap":{},"s":{"0":1},"f":{},"b":{},"_coverageSchema":"1a1c01bbd47fc00a2c39e90264f33305004495a9","hash":"acebf32189b26a6c4a2f5084bff572919211f813"}
,"/Users/ketkiharidas/Desktop/Pranay/Code/ReactJs/NamasteReact/FoodOrderingApp/utils/cartSlice.js": {"path":"/Users/ketkiharidas/Desktop/Pranay/Code/ReactJs/NamasteReact/FoodOrderingApp/utils/cartSlice.js","statementMap":{"0":{"start":{"line":3,"column":18},"end":{"line":22,"column":2}},"1":{"start":{"line":10,"column":6},"end":{"line":10,"column":39}},"2":{"start":{"line":13,"column":6},"end":{"line":13,"column":24}},"3":{"start":{"line":16,"column":6},"end":{"line":16,"column":29}},"4":{"start":{"line":24,"column":50},"end":{"line":24,"column":67}}},"fnMap":{"0":{"name":"(anonymous_0)","decl":{"start":{"line":9,"column":13},"end":{"line":9,"column":14}},"loc":{"start":{"line":9,"column":32},"end":{"line":11,"column":5}},"line":9},"1":{"name":"(anonymous_1)","decl":{"start":{"line":12,"column":16},"end":{"line":12,"column":17}},"loc":{"start":{"line":12,"column":35},"end":{"line":14,"column":5}},"line":12},"2":{"name":"(anonymous_2)","decl":{"start":{"line":15,"column":15},"end":{"line":15,"column":16}},"loc":{"start":{"line":15,"column":26},"end":{"line":20,"column":5}},"line":15}},"branchMap":{},"s":{"0":1,"1":0,"2":0,"3":0,"4":1},"f":{"0":0,"1":0,"2":0},"b":{},"_coverageSchema":"1a1c01bbd47fc00a2c39e90264f33305004495a9","hash":"77e2b6049e6d8438596640a59014c1ae8c1b5738"}
,"/Users/ketkiharidas/Desktop/Pranay/Code/ReactJs/NamasteReact/FoodOrderingApp/utils/useOnlineStatus.js": {"path":"/Users/ketkiharidas/Desktop/Pranay/Code/ReactJs/NamasteReact/FoodOrderingApp/utils/useOnlineStatus.js","statementMap":{"0":{"start":{"line":3,"column":24},"end":{"line":17,"column":1}},"1":{"start":{"line":4,"column":42},"end":{"line":4,"column":56}},"2":{"start":{"line":7,"column":2},"end":{"line":9,"column":5}},"3":{"start":{"line":8,"column":4},"end":{"line":8,"column":27}},"4":{"start":{"line":12,"column":2},"end":{"line":14,"column":5}},"5":{"start":{"line":13,"column":4},"end":{"line":13,"column":26}},"6":{"start":{"line":16,"column":2},"end":{"line":16,"column":22}}},"fnMap":{"0":{"name":"(anonymous_0)","decl":{"start":{"line":3,"column":24},"end":{"line":3,"column":25}},"loc":{"start":{"line":3,"column":30},"end":{"line":17,"column":1}},"line":3},"1":{"name":"(anonymous_1)","decl":{"start":{"line":7,"column":37},"end":{"line":7,"column":38}},"loc":{"start":{"line":7,"column":43},"end":{"line":9,"column":3}},"line":7},"2":{"name":"(anonymous_2)","decl":{"start":{"line":12,"column":36},"end":{"line":12,"column":37}},"loc":{"start":{"line":12,"column":42},"end":{"line":14,"column":3}},"line":12}},"branchMap":{},"s":{"0":2,"1":8,"2":8,"3":0,"4":8,"5":0,"6":8},"f":{"0":8,"1":0,"2":0},"b":{},"_coverageSchema":"1a1c01bbd47fc00a2c39e90264f33305004495a9","hash":"e1f120aa8608341ae2328413e7db0be85add7087"}
}
