TN:
SF:FoodOrderingApp/src/components/Body.js
FN:9,(anonymous_0)
FN:27,(anonymous_1)
FN:32,(anonymous_2)
FN:68,(anonymous_3)
FN:74,(anonymous_4)
FN:75,(anonymous_5)
FN:89,(anonymous_6)
FN:90,(anonymous_7)
FN:106,(anonymous_8)
FN:116,(anonymous_9)
FNF:10
FNH:7
FNDA:4,(anonymous_0)
FNDA:1,(anonymous_1)
FNDA:1,(anonymous_2)
FNDA:1,(anonymous_3)
FNDA:1,(anonymous_4)
FNDA:20,(anonymous_5)
FNDA:0,(anonymous_6)
FNDA:0,(anonymous_7)
FNDA:0,(anonymous_8)
FNDA:44,(anonymous_9)
DA:9,1
DA:14,4
DA:15,4
DA:17,4
DA:19,4
DA:21,4
DA:27,4
DA:29,1
DA:32,4
DA:33,1
DA:36,1
DA:44,1
DA:48,1
DA:53,4
DA:55,4
DA:57,4
DA:58,1
DA:60,3
DA:69,1
DA:75,1
DA:76,20
DA:82,1
DA:90,0
DA:92,0
DA:95,0
DA:107,0
DA:117,44
LF:27
LH:23
BRDA:53,0,0,0
BRDA:53,0,1,4
BRDA:57,1,0,1
BRDA:57,1,1,3
BRDA:123,2,0,44
BRDA:123,2,1,0
BRF:6
BRH:4
end_of_record
TN:
SF:FoodOrderingApp/src/components/Contact.js
FN:3,(anonymous_0)
FNF:1
FNH:1
FNDA:2,(anonymous_0)
DA:3,1
DA:4,2
LF:2
LH:2
BRF:0
BRH:0
end_of_record
TN:
SF:FoodOrderingApp/src/components/Header.js
FN:7,(anonymous_0)
FN:11,(anonymous_1)
FN:50,(anonymous_2)
FNF:3
FNH:3
FNDA:4,(anonymous_0)
FNDA:7,(anonymous_1)
FNDA:1,(anonymous_2)
DA:7,1
DA:11,7
DA:13,4
DA:15,4
DA:17,4
DA:22,4
DA:51,1
LF:7
LH:7
BRDA:33,0,0,4
BRDA:33,0,1,0
BRDA:51,1,0,0
BRDA:51,1,1,1
BRDA:52,2,0,1
BRDA:52,2,1,0
BRF:6
BRH:3
end_of_record
TN:
SF:FoodOrderingApp/src/components/RestaurantCard.js
FN:3,(anonymous_0)
FN:33,(anonymous_1)
FN:34,(anonymous_2)
FNF:3
FNH:3
FNDA:45,(anonymous_0)
FNDA:4,(anonymous_1)
FNDA:44,(anonymous_2)
DA:3,2
DA:4,45
DA:5,0
DA:8,45
DA:10,45
DA:11,45
DA:12,0
DA:16,45
DA:18,45
DA:33,2
DA:34,4
DA:35,44
LF:12
LH:10
BRDA:4,0,0,0
BRDA:4,0,1,45
BRDA:11,1,0,0
BRDA:11,1,1,45
BRF:4
BRH:2
end_of_record
TN:
SF:FoodOrderingApp/src/components/sum.js
FN:1,(anonymous_0)
FNF:1
FNH:1
FNDA:1,(anonymous_0)
DA:1,1
DA:2,1
LF:2
LH:2
BRF:0
BRH:0
end_of_record
TN:
SF:FoodOrderingApp/utils/appStore.js
FNF:0
FNH:0
DA:4,1
LF:1
LH:1
BRF:0
BRH:0
end_of_record
TN:
SF:FoodOrderingApp/utils/cartSlice.js
FN:9,(anonymous_0)
FN:12,(anonymous_1)
FN:15,(anonymous_2)
FNF:3
FNH:0
FNDA:0,(anonymous_0)
FNDA:0,(anonymous_1)
FNDA:0,(anonymous_2)
DA:3,1
DA:10,0
DA:13,0
DA:16,0
DA:24,1
LF:5
LH:2
BRF:0
BRH:0
end_of_record
TN:
SF:FoodOrderingApp/utils/useOnlineStatus.js
FN:3,(anonymous_0)
FN:7,(anonymous_1)
FN:12,(anonymous_2)
FNF:3
FNH:1
FNDA:8,(anonymous_0)
FNDA:0,(anonymous_1)
FNDA:0,(anonymous_2)
DA:3,2
DA:4,8
DA:7,8
DA:8,0
DA:12,8
DA:13,0
DA:16,8
LF:7
LH:5
BRF:0
BRH:0
end_of_record
